<?xml version='1.0'?>
<!DOCTYPE coverage SYSTEM "http://cobertura.sourceforge.net/xml/coverage-04.dtd">
<!--Generated by simplecov-cobertura version 4.0.0 (https://github.com/jessebs/simplecov-cobertura)-->
<coverage line-rate="0.7778" lines-covered="7" lines-valid="9" complexity="0" version="0" timestamp="1787567995">
  <sources>
    <source>/home/claude/hdl-demo/ruby</source>
  </sources>
  <packages>
    <package name="ruby" line-rate="0.7778" complexity="0">
      <classes>
        <class name="calc.rb" filename="calc.rb" line-rate="0.7778" complexity="0">
          <methods/>
          <lines>
            <line number="2" hits="1"/>
            <line number="3" hits="3"/>
            <line number="4" hits="0"/>
            <line number="6" hits="3"/>
            <line number="10" hits="1"/>
            <line number="11" hits="0"/>
            <line number="14" hits="1"/>
            <line number="15" hits="4"/>
            <line number="16" hits="1"/>
          </lines>
        </class>
      </classes>
    </package>
  </packages>
</coverage>