        -:    0:Source:calc.c
        -:    0:Graph:calc.gcno
        -:    0:Data:calc.gcda
        -:    0:Runs:1
        -:    1:/* Generated by           cobc 4.0-early-dev.0 */
        -:    2:/* Generated from         calc.cob */
        -:    3:/* Generated at           Aug 24 2026 12:07:38 */
        -:    4:/* GnuCOBOL build date    Mar 31 2024 06:15:26 */
        -:    5:/* GnuCOBOL package date  Jun 06 2020 20:56:36 UTC */
        -:    6:/* Compile command        cobc -x -C -g calc.cob */
        -:    7:
        -:    8:#include <stdio.h>
        -:    9:#include <string.h>
        -:   10:#define  COB_KEYWORD_INLINE __inline
        -:   11:#include <libcob.h>
        -:   12:
        -:   13:#define  COB_SOURCE_FILE		"calc.cob"
        -:   14:#define  COB_PACKAGE_VERSION		"4.0-early-dev"
        -:   15:#define  COB_PATCH_LEVEL		0
        -:   16:#define  COB_MODULE_FORMATTED_DATE	"Aug 24 2026 12:07:38"
        -:   17:#define  COB_MODULE_DATE		20260824
        -:   18:#define  COB_MODULE_TIME		120738
        -:   19:
        -:   20:/* Global variables */
        -:   21:#include "calc.c.h"
        -:   22:
        -:   23:/* Function prototypes */
        -:   24:
        -:   25:static int		CALC ();
        -:   26:static int		CALC_ (const int);
        -:   27:static void		CALC_module_init (cob_module *module);
        -:   28:
        -:   29:/* Main function */
        -:   30:int
function main called 1 returned 0% blocks executed 100%
        1:   31:main (int argc, char **argv)
        -:   32:{
        1:   33:  cob_init (argc, argv);
call    0 returned 100%
       1*:   34:  cob_stop_run (CALC ());
call    0 returned 0%
        -:   35:}
        -:   36:
        -:   37:/* Functions */
        -:   38:
        -:   39:/* PROGRAM-ID 'CALC' */
        -:   40:
        -:   41:/* ENTRY 'CALC' */
        -:   42:
        -:   43:static int
function CALC called 1 returned 0% blocks executed 100%
        1:   44:CALC ()
        -:   45:{
       1*:   46:  return CALC_ (0);
call    0 returned 0%
        -:   47:}
        -:   48:
        -:   49:static int
function CALC_ called 2 returned 50% blocks executed 69%
        2:   50:CALC_ (const int entry)
        -:   51:{
        -:   52:  /* Program local variables */
        -:   53:  #include "calc.c.l.h"
        -:   54:
        -:   55:  /* Entry point name_hash values */
        -:   56:  static const unsigned int st_name_hash [] = {
        -:   57:  	0xDE79360C,	/* CALC */
        -:   58:  0};
        -:   59:  /* Start of function code */
        -:   60:
        -:   61:  /* CANCEL callback */
        2:   62:  if (unlikely(entry < 0)) {
branch  0 taken 50% (fallthrough)
branch  1 taken 50%
        1:   63:  	if (entry == -10)
branch  0 taken 0% (fallthrough)
branch  1 taken 100%
    #####:   64:  		goto P_dump;
        1:   65:  	if (entry == -20)
branch  0 taken 100% (fallthrough)
branch  1 taken 0%
        1:   66:  		goto P_clear_decimal;
    #####:   67:  	goto P_cancel;
        -:   68:  }
        -:   69:
        -:   70:  /* Check initialized, check module allocated, */
        -:   71:  /* set global pointer, */
        -:   72:  /* push module stack, save call parameter count */
        1:   73:  if (cob_module_global_enter (&module, &cob_glob_ptr, 0, entry, st_name_hash))
call    0 returned 100%
branch  1 taken 0% (fallthrough)
branch  2 taken 100%
    #####:   74:  	return -1;
        -:   75:
        -:   76:  /* Set address of module parameter list */
        1:   77:  module->cob_procedure_params = cob_procedure_params;
        -:   78:
        -:   79:  /* Set frame stack pointer */
        1:   80:  frame_ptr = frame_stack;
        1:   81:  frame_ptr->perform_through = 0;
        1:   82:  frame_ptr->return_address_ptr = &&P_cgerror;
        1:   83:  frame_overflow = frame_ptr + 255 - 1;
        -:   84:  if (frame_ptr == frame_overflow) {}
        -:   85:
        -:   86:  /* Initialize rest of program */
        1:   87:  if (unlikely(initialized == 0)) {
branch  0 taken 100% (fallthrough)
branch  1 taken 0%
        1:   88:  	goto P_initialize;
        -:   89:  }
    #####:   90:  P_ret_initialize:
        -:   91:
        -:   92:  /* Increment module active */
        1:   93:  module->module_active++;
        -:   94:
        -:   95:  /* Save number of call params */
        1:   96:  module->module_num_params = cob_glob_ptr->cob_call_params;
        -:   97:
        1:   98:  goto l_2;
        -:   99:  cob_glob_ptr->cob_call_params = 0;
        -:  100:
        -:  101:  /* PROCEDURE DIVISION */
        -:  102:
        -:  103:  /* Line: 7         : Entry     CALC                    : calc.cob */
        1:  104:  l_2:;
        -:  105:  /* Line: 8         : IF                 : calc.cob */
        1:  106:  module->module_stmt = 0x00100008;
        1:  107:  cob_trace_stmt (st_1);
call    0 returned 100%
        1:  108:  if ( (cob_get_numdisps (b_8, 4) < 0) )
branch  0 taken 0% (fallthrough)
branch  1 taken 100%
        -:  109:  {
        -:  110:    /* Line: 9         : DISPLAY            : calc.cob */
    #####:  111:    module->module_stmt = 0x00100009;
    #####:  112:    cob_trace_stmt (st_2);
call    0 never executed
    #####:  113:    cob_display (0, 1, 1, &c_1);
call    0 never executed
        -:  114:  }
        -:  115:  else
        -:  116:  {
        -:  117:    /* ELSE */
        -:  118:    /* Line: 11        : COMPUTE            : calc.cob */
        1:  119:    module->module_stmt = 0x0010000B;
        1:  120:    cob_trace_stmt (st_3);
call    0 returned 100%
        1:  121:    cob_set_llint (&f_9, 10000LL, (cob_s64_t)(2 * cob_get_numdisps (b_8, 4)));
call    0 returned 100%
        -:  122:    /* Line: 12        : DISPLAY            : calc.cob */
        1:  123:    module->module_stmt = 0x0010000C;
        1:  124:    cob_trace_stmt (st_2);
call    0 returned 100%
        1:  125:    cob_display (0, 1, 2, &c_2, &f_9);
call    0 returned 100%
        -:  126:  }
        -:  127:  /* Line: 14        : STOP RUN           : calc.cob */
        1:  128:  module->module_stmt = 0x0010000E;
        1:  129:  cob_trace_stmt (st_4);
        1:  130:  cob_stop_run (b_2);
call    0 returned 0%
        -:  131:
        -:  132:  module->module_stmt = 0x0010000F;
        -:  133:
        -:  134:  /* Program exit */
        -:  135:
        -:  136:  /* Decrement module active count */
        -:  137:  if (module->module_active) {
        -:  138:  	module->module_active--;
        -:  139:  }
        -:  140:
        -:  141:  /* Pop module stack */
        -:  142:  cob_module_leave (module);
        -:  143:
        -:  144:  /* Program return */
        -:  145:  return b_2;
        1:  146:  P_cgerror:
call    0 returned 100%
        -:  147:  	cob_fatal_error (COB_FERROR_CODEGEN);
        -:  148:
        -:  149:
        -:  150:  /* Program initialization */
        1:  151:  P_initialize:
        -:  152:
        1:  153:  cob_check_version (COB_SOURCE_FILE, COB_PACKAGE_VERSION, COB_PATCH_LEVEL);
call    0 returned 100%
        -:  154:
        1:  155:  cob_module_path = cob_glob_ptr->cob_main_argv0;
        -:  156:
        1:  157:  CALC_module_init (module);
call    0 returned 100%
        -:  158:
        1:  159:  module->crt_status = NULL;
        -:  160:
        -:  161:  /* Initialize cancel callback */
        1:  162:  cob_set_cancel (module);
call    0 returned 100%
        -:  163:
        -:  164:  /* Initialize WORKING-STORAGE */
        1:  165:  cob_set_llint (COB_SET_FLD(f0, 4, (cob_u8_t *)&b_2, &a_3), 1000000000LL, (cob_s64_t)0);
call    0 returned 100%
        1:  166:  memcpy (b_8, "0005", 4);
        1:  167:  memset (b_9, 48, 4);
        -:  168:
        -:  169:  if (0 == 1) goto P_cgerror;
        1:  170:  initialized = 1;
        1:  171:  goto P_ret_initialize;
        -:  172:
    #####:  173:  P_dump:
    #####:  174:    return 0;
        -:  175:
        -:  176:
        -:  177:  /* CANCEL callback handling */
    #####:  178:  P_cancel:
        -:  179:
    #####:  180:  if (!initialized)
branch  0 never executed (fallthrough)
branch  1 never executed
    #####:  181:  	return 0;
    #####:  182:  if (module && module->module_active)
branch  0 never executed (fallthrough)
branch  1 never executed
branch  2 never executed (fallthrough)
branch  3 never executed
    #####:  183:  	cob_fatal_error (COB_FERROR_CANCEL);
call    0 never executed
        -:  184:
    #####:  185:  initialized = 0;
        -:  186:
        1:  187:  P_clear_decimal:
        -:  188:
        1:  189:  return 0;
        -:  190:
        -:  191:}
        -:  192:
        -:  193:/* End PROGRAM-ID 'CALC' */
        -:  194:
        -:  195:/* Initialize module structure for CALC */
function CALC_module_init called 1 returned 100% blocks executed 100%
        1:  196:static void CALC_module_init (cob_module *module)
        -:  197:{
        1:  198:  module->module_name = "CALC";
        1:  199:  module->module_formatted_date = COB_MODULE_FORMATTED_DATE;
        1:  200:  module->module_source = COB_SOURCE_FILE;
        1:  201:  module->module_entry.funcptr = (void *(*)())CALC;
        1:  202:  module->module_cancel.funcptr = (void *(*)())CALC_;
        1:  203:  module->module_ref_count = NULL;
        1:  204:  module->module_path = &cob_module_path;
        1:  205:  module->module_active = 0;
        1:  206:  module->module_date = COB_MODULE_DATE;
        1:  207:  module->module_time = COB_MODULE_TIME;
        1:  208:  module->module_type = 0;
        1:  209:  module->module_param_cnt = 0;
        1:  210:  module->ebcdic_sign = 0;
        1:  211:  module->decimal_point = '.';
        1:  212:  module->currency_symbol = '$';
        1:  213:  module->numeric_separator = ',';
        1:  214:  module->flag_filename_mapping = 1;
        1:  215:  module->flag_binary_truncate = 1;
        1:  216:  module->flag_pretty_display = 1;
        1:  217:  module->flag_host_sign = 0;
        1:  218:  module->flag_no_phys_canc = 1;
        1:  219:  module->flag_main = 1;
        1:  220:  module->flag_fold_call = 0;
        1:  221:  module->flag_exit_program = 0;
        1:  222:  module->flag_debug_trace = 0;
        1:  223:  module->flag_dump_ready = 0;
        1:  224:  module->module_stmt = 0;
        1:  225:  module->module_sources = st_source_files;
        1:  226:}
        -:  227:
        -:  228:/* End functions */
        -:  229:
