        -:    0:Source:calc.adb
        -:    0:Graph:calc.gcno
        -:    0:Data:calc.gcda
        -:    0:Runs:1
        -:    1:with Ada.Text_IO; use Ada.Text_IO;
function _ada_calc called 1 returned 100% blocks executed 89%
        1:    2:procedure Calc is
        1:    3:   N : Integer := 5;
        -:    4:begin
        -:    5:   if N < 0 then
        -:    6:      Put_Line ("negative");
        -:    7:   else
        1:    8:      Put_Line ("answer" & Integer'Image (2 * N));
call    0 returned 100%
branch  1 taken 100% (fallthrough)
branch  2 taken 0% (throw)
call    3 returned 100%
branch  4 taken 100% (fallthrough)
branch  5 taken 0% (throw)
branch  6 taken 0% (fallthrough)
branch  7 taken 100%
call    8 never executed
call    9 returned 100%
branch 10 taken 100% (fallthrough)
branch 11 taken 0% (throw)
        -:    9:   end if;
        1:   10:end Calc;
