        -:    0:Source:calc.d
        -:    0:Graph:calc.gcno
        -:    0:Data:calc.gcda
        -:    0:Runs:1
        -:    1:import std.stdio;
function _D4calc7doubledFiZi called 1 returned 100% blocks executed 75%
        1:    2:int doubled(int n) {
       1*:    3:    if (n < 0) { return -2 * n; }
branch  0 taken 0% (fallthrough)
branch  1 taken 100%
        1:    4:    return 2 * n;
        -:    5:}
function _Dmain called 1 returned 100% blocks executed 100%
        1:    6:void main() { writeln("answer ", doubled(8)); }
call    0 returned 100%
call    1 returned 100%
