        -:    0:Source:/home/claude/hdl-demo/vhdl/gcovwork/blinker.vhdl
        -:    0:Graph:blinker.gcno
        -:    0:Data:blinker.gcda
        -:    0:Runs:1
        3:    1:-- A tiny FSM: IDLE -> RUN -> DONE, advanced by 'enable'.
        -:    2:library ieee;
        -:    3:use ieee.std_logic_1164.all;
        -:    4:use ieee.numeric_std.all;
        -:    5:
      30*:    6:entity blinker is
------------------
work__blinker__STMT_ELAB:
function work__blinker__STMT_ELAB called 1 returned 100% blocks executed 100%
        1:    1:-- A tiny FSM: IDLE -> RUN -> DONE, advanced by 'enable'.
        -:    2:library ieee;
        -:    3:use ieee.std_logic_1164.all;
        -:    4:use ieee.numeric_std.all;
        -:    5:
        1:    6:entity blinker is
------------------
work__blinker__DECL_ELAB:
function work__blinker__DECL_ELAB called 1 returned 100% blocks executed 100%
        1:    1:-- A tiny FSM: IDLE -> RUN -> DONE, advanced by 'enable'.
        -:    2:library ieee;
        -:    3:use ieee.std_logic_1164.all;
        -:    4:use ieee.numeric_std.all;
        -:    5:
        1:    6:entity blinker is
call    0 returned 100%
call    1 returned 100%
call    2 returned 100%
call    3 returned 100%
------------------
work__blinker__PKG_ELAB:
function work__blinker__PKG_ELAB called 1 returned 100% blocks executed 80%
        1:    1:-- A tiny FSM: IDLE -> RUN -> DONE, advanced by 'enable'.
        -:    2:library ieee;
        -:    3:use ieee.std_logic_1164.all;
        -:    4:use ieee.numeric_std.all;
        -:    5:
       1*:    6:entity blinker is
branch  0 taken 0% (fallthrough)
branch  1 taken 100%
call    2 never executed
branch  3 taken 100% (fallthrough)
branch  4 taken 0%
call    5 returned 100%
------------------
        -:    7:  port (
        -:    8:    clk    : in  std_logic;
        -:    9:    rst    : in  std_logic;
        -:   10:    enable : in  std_logic;
        -:   11:    done   : out std_logic
        -:   12:  );
        -:   13:end entity;
        -:   14:
        -:   15:architecture rtl of blinker is
        -:   16:  type state_t is (IDLE, RUN, DONE_S);
        1:   17:  signal state : state_t := IDLE;
       10:   18:  signal count : unsigned(3 downto 0) := (others => '0');
        -:   19:begin
        5:   20:  process (clk)
        -:   21:  begin
       25:   22:    if rising_edge(clk) then
       12:   23:      if rst = '1' then
       1*:   24:        state <= IDLE;
       9*:   25:        count <= (others => '0');
        -:   26:      else
       11:   27:        case state is
        -:   28:          when IDLE =>
        2:   29:            if enable = '1' then
       2*:   30:              state <= RUN;
        -:   31:            end if;
        -:   32:          when RUN =>
      20*:   33:            count <= count + 1;
        4:   34:            if count = 3 then
       4*:   35:              state <= DONE_S;
        -:   36:            end if;
        -:   37:          when DONE_S =>
function work__blinker__ARCH__rtl__P1__PROC called 3 returned 100% blocks executed 83%
       8*:   38:            state <= DONE_S;
        -:   39:        end case;
        -:   40:      end if;
        -:   41:    end if;
        -:   42:  end process;
        -:   43:
       5*:   44:  done <= '1' when state = DONE_S else '0';
call    0 returned 100%
branch  1 taken 33% (fallthrough)
branch  2 taken 67%
branch  3 taken 0% (fallthrough)
branch  4 taken 100%
branch  5 taken 100% (fallthrough)
branch  6 taken 0%
call    7 returned 100%
branch  8 taken 0% (fallthrough)
branch  9 taken 100%
branch 10 taken 50% (fallthrough)
branch 11 taken 50%
call   12 returned 100%
        -:   45:
        -:   46:  -- psl default clock is rising_edge(clk);
        -:   47:  -- psl COVER_REACH_DONE : cover {state = DONE_S};
        -:   48:  -- psl COVER_ABORT      : cover {state = RUN; state = IDLE};
        -:   49:  -- psl ASSERT_COUNT_RUN : assert always (count > 0 -> state /= IDLE);
        -:   50:end architecture;
