        -:    0:Source:calc.f90
        -:    0:Graph:calc.gcno
        -:    0:Data:calc.gcda
        -:    0:Runs:1
function MAIN__ called 1 returned 100% blocks executed 64%
        1:    1:program calc
        -:    2:  integer :: n
        1:    3:  n = 5
        1:    4:  if (n < 0) then
branch  0 taken 0% (fallthrough)
branch  1 taken 100%
    #####:    5:     print *, 'negative'
call    0 never executed
call    1 never executed
call    2 never executed
        -:    6:  else
        1:    7:     print *, 'answer', 2*n
call    0 returned 100%
call    1 returned 100%
call    2 returned 100%
call    3 returned 100%
        -:    8:  end if
function main called 1 returned 100% blocks executed 100%
        1:    9:end program calc
call    0 returned 100%
call    1 returned 100%
call    2 returned 100%
